<?xml version="1.0" encoding="UTF-8"?>
<testsuite xmlns:xsi="http://www.w3.org/2001/XMLSchema-instance" xsi:noNamespaceSchemaLocation="https://maven.apache.org/surefire/maven-surefire-plugin/xsd/surefire-test-report-3.0.xsd" version="3.0" name="lab3.part_a.MovieTicketPriceCalculatorTests" time="0.163" tests="13" errors="0" skipped="0" failures="0">
  <properties>
    <property name="java.specification.version" value="22"/>
    <property name="sun.cpu.isalist" value="amd64"/>
    <property name="sun.jnu.encoding" value="Cp1252"/>
    <property name="java.class.path" value="C:\Users\rayra\CalPoly\CSC305\lab-3a-AceOfRay\lab_3_maven\target\test-classes;C:\Users\rayra\CalPoly\CSC305\lab-3a-AceOfRay\lab_3_maven\target\classes;C:\Users\rayra\.m2\repository\org\junit\jupiter\junit-jupiter-api\5.11.3\junit-jupiter-api-5.11.3.jar;C:\Users\rayra\.m2\repository\org\opentest4j\opentest4j\1.3.0\opentest4j-1.3.0.jar;C:\Users\rayra\.m2\repository\org\junit\platform\junit-platform-commons\1.11.3\junit-platform-commons-1.11.3.jar;C:\Users\rayra\.m2\repository\org\apiguardian\apiguardian-api\1.1.2\apiguardian-api-1.1.2.jar;C:\Users\rayra\.m2\repository\org\jacoco\jacoco-maven-plugin\0.8.12\jacoco-maven-plugin-0.8.12.jar;C:\Users\rayra\.m2\repository\org\codehaus\plexus\plexus-utils\3.0.24\plexus-utils-3.0.24.jar;C:\Users\rayra\.m2\repository\org\apache\maven\shared\file-management\3.1.0\file-management-3.1.0.jar;C:\Users\rayra\.m2\repository\org\slf4j\slf4j-api\1.7.36\slf4j-api-1.7.36.jar;C:\Users\rayra\.m2\repository\commons-io\commons-io\2.11.0\commons-io-2.11.0.jar;C:\Users\rayra\.m2\repository\org\apache\maven\reporting\maven-reporting-api\3.0\maven-reporting-api-3.0.jar;C:\Users\rayra\.m2\repository\org\apache\maven\doxia\doxia-sink-api\1.0\doxia-sink-api-1.0.jar;C:\Users\rayra\.m2\repository\org\jacoco\org.jacoco.agent\0.8.12\org.jacoco.agent-0.8.12-runtime.jar;C:\Users\rayra\.m2\repository\org\jacoco\org.jacoco.core\0.8.12\org.jacoco.core-0.8.12.jar;C:\Users\rayra\.m2\repository\org\ow2\asm\asm\9.7\asm-9.7.jar;C:\Users\rayra\.m2\repository\org\ow2\asm\asm-commons\9.7\asm-commons-9.7.jar;C:\Users\rayra\.m2\repository\org\ow2\asm\asm-tree\9.7\asm-tree-9.7.jar;C:\Users\rayra\.m2\repository\org\jacoco\org.jacoco.report\0.8.12\org.jacoco.report-0.8.12.jar;"/>
    <property name="java.vm.vendor" value="Oracle Corporation"/>
    <property name="sun.arch.data.model" value="64"/>
    <property name="user.variant" value=""/>
    <property name="java.vendor.url" value="https://java.oracle.com/"/>
    <property name="user.timezone" value="America/Los_Angeles"/>
    <property name="os.name" value="Windows 11"/>
    <property name="java.vm.specification.version" value="22"/>
    <property name="sun.java.launcher" value="SUN_STANDARD"/>
    <property name="user.country" value="US"/>
    <property name="sun.boot.library.path" value="C:\Program Files\Java\jdk-22\bin"/>
    <property name="sun.java.command" value="C:\Users\rayra\AppData\Local\Temp\surefire10795157447282319770\surefirebooter-20241022132349840_3.jar C:\Users\rayra\AppData\Local\Temp\surefire10795157447282319770 2024-10-22T13-23-49_663-jvmRun1 surefire-20241022132349840_1tmp surefire_0-20241022132349840_2tmp"/>
    <property name="jdk.debug" value="release"/>
    <property name="surefire.test.class.path" value="C:\Users\rayra\CalPoly\CSC305\lab-3a-AceOfRay\lab_3_maven\target\test-classes;C:\Users\rayra\CalPoly\CSC305\lab-3a-AceOfRay\lab_3_maven\target\classes;C:\Users\rayra\.m2\repository\org\junit\jupiter\junit-jupiter-api\5.11.3\junit-jupiter-api-5.11.3.jar;C:\Users\rayra\.m2\repository\org\opentest4j\opentest4j\1.3.0\opentest4j-1.3.0.jar;C:\Users\rayra\.m2\repository\org\junit\platform\junit-platform-commons\1.11.3\junit-platform-commons-1.11.3.jar;C:\Users\rayra\.m2\repository\org\apiguardian\apiguardian-api\1.1.2\apiguardian-api-1.1.2.jar;C:\Users\rayra\.m2\repository\org\jacoco\jacoco-maven-plugin\0.8.12\jacoco-maven-plugin-0.8.12.jar;C:\Users\rayra\.m2\repository\org\codehaus\plexus\plexus-utils\3.0.24\plexus-utils-3.0.24.jar;C:\Users\rayra\.m2\repository\org\apache\maven\shared\file-management\3.1.0\file-management-3.1.0.jar;C:\Users\rayra\.m2\repository\org\slf4j\slf4j-api\1.7.36\slf4j-api-1.7.36.jar;C:\Users\rayra\.m2\repository\commons-io\commons-io\2.11.0\commons-io-2.11.0.jar;C:\Users\rayra\.m2\repository\org\apache\maven\reporting\maven-reporting-api\3.0\maven-reporting-api-3.0.jar;C:\Users\rayra\.m2\repository\org\apache\maven\doxia\doxia-sink-api\1.0\doxia-sink-api-1.0.jar;C:\Users\rayra\.m2\repository\org\jacoco\org.jacoco.agent\0.8.12\org.jacoco.agent-0.8.12-runtime.jar;C:\Users\rayra\.m2\repository\org\jacoco\org.jacoco.core\0.8.12\org.jacoco.core-0.8.12.jar;C:\Users\rayra\.m2\repository\org\ow2\asm\asm\9.7\asm-9.7.jar;C:\Users\rayra\.m2\repository\org\ow2\asm\asm-commons\9.7\asm-commons-9.7.jar;C:\Users\rayra\.m2\repository\org\ow2\asm\asm-tree\9.7\asm-tree-9.7.jar;C:\Users\rayra\.m2\repository\org\jacoco\org.jacoco.report\0.8.12\org.jacoco.report-0.8.12.jar;"/>
    <property name="sun.cpu.endian" value="little"/>
    <property name="user.home" value="C:\Users\rayra"/>
    <property name="user.language" value="en"/>
    <property name="java.specification.vendor" value="Oracle Corporation"/>
    <property name="java.version.date" value="2024-07-16"/>
    <property name="java.home" value="C:\Program Files\Java\jdk-22"/>
    <property name="file.separator" value="\"/>
    <property name="basedir" value="C:\Users\rayra\CalPoly\CSC305\lab-3a-AceOfRay\lab_3_maven"/>
    <property name="java.vm.compressedOopsMode" value="Zero based"/>
    <property name="line.separator" value="&#10;"/>
    <property name="java.vm.specification.vendor" value="Oracle Corporation"/>
    <property name="java.specification.name" value="Java Platform API Specification"/>
    <property name="surefire.real.class.path" value="C:\Users\rayra\AppData\Local\Temp\surefire10795157447282319770\surefirebooter-20241022132349840_3.jar"/>
    <property name="user.script" value=""/>
    <property name="sun.management.compiler" value="HotSpot 64-Bit Tiered Compilers"/>
    <property name="java.runtime.version" value="22.0.2+9-70"/>
    <property name="user.name" value="rayra"/>
    <property name="stdout.encoding" value="Cp1252"/>
    <property name="path.separator" value=";"/>
    <property name="os.version" value="10.0"/>
    <property name="java.runtime.name" value="Java(TM) SE Runtime Environment"/>
    <property name="file.encoding" value="UTF-8"/>
    <property name="java.vm.name" value="Java HotSpot(TM) 64-Bit Server VM"/>
    <property name="localRepository" value="C:\Users\rayra\.m2\repository"/>
    <property name="java.vendor.url.bug" value="https://bugreport.java.com/bugreport/"/>
    <property name="java.io.tmpdir" value="C:\Users\rayra\AppData\Local\Temp\"/>
    <property name="java.version" value="22.0.2"/>
    <property name="user.dir" value="C:\Users\rayra\CalPoly\CSC305\lab-3a-AceOfRay\lab_3_maven"/>
    <property name="os.arch" value="amd64"/>
    <property name="java.vm.specification.name" value="Java Virtual Machine Specification"/>
    <property name="sun.os.patch.level" value=""/>
    <property name="native.encoding" value="Cp1252"/>
    <property name="java.library.path" value="C:\Program Files\Java\jdk-22\bin;C:\WINDOWS\Sun\Java\bin;C:\WINDOWS\system32;C:\WINDOWS;C:\Program Files\Common Files\Oracle\Java\javapath;C:\WINDOWS\system32;C:\WINDOWS;C:\WINDOWS\System32\Wbem;C:\WINDOWS\System32\WindowsPowerShell\v1.0\;C:\WINDOWS\System32\OpenSSH\;C:\Program Files\Maven\apache-maven-3.9.8\bin;C:\Program Files\Git\cmd;C:\MinGW\bin;C:\Program Files\nodejs\;C:\Users\rayra\AppData\Local\Programs\Python\Python312\Scripts\;C:\Users\rayra\AppData\Local\Programs\Python\Python312\;C:\Users\rayra\AppData\Local\Programs\Python\Launcher\;C:\Users\rayra\AppData\Local\Microsoft\WindowsApps;C:\Users\rayra\AppData\Local\Programs\Microsoft VS Code\bin;C:\Users\rayra\AppData\Roaming\npm;;."/>
    <property name="java.vm.info" value="mixed mode, sharing"/>
    <property name="stderr.encoding" value="Cp1252"/>
    <property name="java.vendor" value="Oracle Corporation"/>
    <property name="java.vm.version" value="22.0.2+9-70"/>
    <property name="sun.io.unicode.encoding" value="UnicodeLittle"/>
    <property name="java.class.version" value="66.0"/>
  </properties>
  <testcase name="computePriceTest_Child_DuringMatinee" classname="lab3.part_a.MovieTicketPriceCalculatorTests" time="0.057"/>
  <testcase name="computePriceTest_Adult_AfterMatinee" classname="lab3.part_a.MovieTicketPriceCalculatorTests" time="0.008"/>
  <testcase name="computePriceTest_InvalidAge" classname="lab3.part_a.MovieTicketPriceCalculatorTests" time="0.0"/>
  <testcase name="computeDiscountTest_Adult" classname="lab3.part_a.MovieTicketPriceCalculatorTests" time="0.006"/>
  <testcase name="computeDiscountTest_Child" classname="lab3.part_a.MovieTicketPriceCalculatorTests" time="0.003"/>
  <testcase name="computeDiscountTest_ZeroAge" classname="lab3.part_a.MovieTicketPriceCalculatorTests" time="0.002"/>
  <testcase name="computeDiscountTest_NegativeAge" classname="lab3.part_a.MovieTicketPriceCalculatorTests" time="0.002"/>
  <testcase name="calculatorTest_NullStartMatineeTime" classname="lab3.part_a.MovieTicketPriceCalculatorTests" time="0.005"/>
  <testcase name="calculatorTest_NullEndMatineeTime" classname="lab3.part_a.MovieTicketPriceCalculatorTests" time="0.001"/>
  <testcase name="computePriceTest_Senior_AtMatineeEnd" classname="lab3.part_a.MovieTicketPriceCalculatorTests" time="0.005"/>
  <testcase name="computeDiscountTest_Senior" classname="lab3.part_a.MovieTicketPriceCalculatorTests" time="0.0"/>
  <testcase name="calculatorTest_EndMatineeIsBeforeStartMatinee" classname="lab3.part_a.MovieTicketPriceCalculatorTests" time="0.008"/>
  <testcase name="computePriceTest_Adult_AtMatineeStart" classname="lab3.part_a.MovieTicketPriceCalculatorTests" time="0.0"/>
</testsuite>